<?xml version="1.0" encoding="UTF-8"?>
<!-- Generated by org.testng.reporters.JUnitReportReporter -->
<testsuite hostname="BA-000487693" failures="0" tests="3" name="CucumberTestRunner.CucumberTestNGRunnerTest" time="38.257" errors="0" timestamp="2024-12-15T00:04:25 IST" skipped="0">
  <testcase classname="CucumberTestRunner.CucumberTestNGRunnerTest" name="runScenario" time="9.067"/>
  <testcase classname="CucumberTestRunner.CucumberTestNGRunnerTest" name="runScenario" time="15.407"/>
  <testcase classname="CucumberTestRunner.CucumberTestNGRunnerTest" name="runScenario" time="13.783"/>
</testsuite> <!-- CucumberTestRunner.CucumberTestNGRunnerTest -->
